{"/home/mike/projects/cruiseships/src/shipObject.js": {"path":"/home/mike/projects/cruiseships/src/shipObject.js","statementMap":{"0":{"start":{"line":2,"column":2},"end":{"line":2,"column":19}},"1":{"start":{"line":3,"column":2},"end":{"line":3,"column":19}},"2":{"start":{"line":4,"column":2},"end":{"line":4,"column":35}},"3":{"start":{"line":5,"column":2},"end":{"line":5,"column":47}},"4":{"start":{"line":8,"column":0},"end":{"line":13,"column":35}}},"fnMap":{"0":{"name":"Ship","decl":{"start":{"line":1,"column":9},"end":{"line":1,"column":13}},"loc":{"start":{"line":1,"column":60},"end":{"line":6,"column":1}},"line":1}},"branchMap":{},"s":{"0":2,"1":2,"2":2,"3":2,"4":1},"f":{"0":2},"b":{},"_coverageSchema":"43e27e138ebf9cfc5966b082cf9a028302ed4184","hash":"1925302e42de91d366b91cc73dd070211433fc2f"}
}
