TN:
SF:/home/mike/projects/cruiseships/src/itinerary.js
FN:1,Itenerary
FNF:1
FNH:1
FNDA:1,Itenerary
DA:2,1
DA:5,1
LF:2
LH:2
BRF:0
BRH:0
end_of_record
TN:
SF:/home/mike/projects/cruiseships/src/portObject.js
FN:1,Port
FN:6,(anonymous_1)
FN:10,(anonymous_2)
FNF:3
FNH:2
FNDA:2,Port
FNDA:1,(anonymous_1)
FNDA:0,(anonymous_2)
DA:2,2
DA:3,2
DA:6,2
DA:7,1
DA:10,2
DA:11,0
DA:14,2
LF:7
LH:6
BRF:0
BRH:0
end_of_record
TN:
SF:/home/mike/projects/cruiseships/src/shipObject.js
FN:3,Ship
FN:10,(anonymous_1)
FN:14,(anonymous_2)
FNF:3
FNH:3
FNDA:1,Ship
FNDA:1,(anonymous_1)
FNDA:1,(anonymous_2)
DA:1,2
DA:4,1
DA:5,1
DA:6,1
DA:7,1
DA:10,2
DA:11,1
DA:14,2
DA:15,1
DA:18,2
LF:10
LH:10
BRF:0
BRH:0
end_of_record
