TN:
SF:/home/mike/projects/cruiseships/src/portObject.js
FN:1,Port
FN:6,(anonymous_1)
FN:10,(anonymous_2)
FNF:3
FNH:3
FNDA:1,Port
FNDA:3,(anonymous_1)
FNDA:1,(anonymous_2)
DA:2,1
DA:3,1
DA:6,2
DA:7,3
DA:10,2
DA:11,1
DA:14,2
LF:7
LH:7
BRF:0
BRH:0
end_of_record
TN:
SF:/home/mike/projects/cruiseships/src/shipObject.js
FN:5,Ship
FN:14,(anonymous_1)
FN:22,(anonymous_2)
FN:30,(anonymous_3)
FN:35,(anonymous_4)
FN:44,(anonymous_5)
FNF:6
FNH:1
FNDA:3,Ship
FNDA:0,(anonymous_1)
FNDA:0,(anonymous_2)
FNDA:0,(anonymous_3)
FNDA:0,(anonymous_4)
FNDA:0,(anonymous_5)
DA:1,2
DA:2,2
DA:3,2
DA:6,3
DA:7,3
DA:8,3
DA:9,3
DA:10,3
DA:14,2
DA:15,0
DA:16,0
DA:18,0
DA:22,2
DA:23,0
DA:24,0
DA:26,0
DA:30,2
DA:31,0
DA:35,2
DA:36,0
DA:37,0
DA:39,0
DA:40,0
DA:44,2
DA:45,0
DA:48,2
LF:26
LH:14
BRDA:15,0,0,0
BRDA:15,0,1,0
BRDA:23,1,0,0
BRDA:23,1,1,0
BRDA:36,2,0,0
BRDA:36,2,1,0
BRDA:39,3,0,0
BRDA:39,3,1,0
BRF:8
BRH:0
end_of_record
